2017-08-02 12:28:10.059+0000 WARN  [o.n.i.p.PageCache] The dbms.memory.pagecache.size setting has not been configured. It is recommended that this setting is always explicitly configured, to ensure the system has a balanced configuration. Until then, a computed heuristic value of 6681001984 bytes will be used instead. 
2017-08-02 12:28:10.177+0000 INFO  [o.n.k.i.f.CommunityEditionModule] No locking implementation specified, defaulting to 'community'
2017-08-02 12:28:10.258+0000 INFO  [o.n.k.AvailabilityGuard] Requirement makes database unavailable: Database available
2017-08-02 12:28:10.273+0000 INFO  [o.n.k.i.DiagnosticsManager] --- INITIALIZED diagnostics START ---
2017-08-02 12:28:10.273+0000 INFO  [o.n.k.i.DiagnosticsManager] Neo4j Kernel properties:
2017-08-02 12:28:10.273+0000 INFO  [o.n.k.i.DiagnosticsManager] unsupported.dbms.edition=community
2017-08-02 12:28:10.274+0000 INFO  [o.n.k.i.DiagnosticsManager] unsupported.dbms.directories.neo4j_home=/Users/gdpak/Documents/jio_nfv/ns_micro_service/data/neo4j.db
2017-08-02 12:28:10.274+0000 INFO  [o.n.k.i.DiagnosticsManager] unsupported.dbms.ephemeral=false
2017-08-02 12:28:10.274+0000 INFO  [o.n.k.i.DiagnosticsManager] Diagnostics providers:
2017-08-02 12:28:10.274+0000 INFO  [o.n.k.i.DiagnosticsManager] org.neo4j.kernel.configuration.Config
2017-08-02 12:28:10.274+0000 INFO  [o.n.k.i.DiagnosticsManager] org.neo4j.kernel.info.DiagnosticsManager
2017-08-02 12:28:10.274+0000 INFO  [o.n.k.i.DiagnosticsManager] SYSTEM_MEMORY
2017-08-02 12:28:10.274+0000 INFO  [o.n.k.i.DiagnosticsManager] JAVA_MEMORY
2017-08-02 12:28:10.274+0000 INFO  [o.n.k.i.DiagnosticsManager] OPERATING_SYSTEM
2017-08-02 12:28:10.274+0000 INFO  [o.n.k.i.DiagnosticsManager] JAVA_VIRTUAL_MACHINE
2017-08-02 12:28:10.274+0000 INFO  [o.n.k.i.DiagnosticsManager] CLASSPATH
2017-08-02 12:28:10.274+0000 INFO  [o.n.k.i.DiagnosticsManager] LIBRARY_PATH
2017-08-02 12:28:10.274+0000 INFO  [o.n.k.i.DiagnosticsManager] SYSTEM_PROPERTIES
2017-08-02 12:28:10.274+0000 INFO  [o.n.k.i.DiagnosticsManager] NETWORK
2017-08-02 12:28:10.274+0000 INFO  [o.n.k.i.DiagnosticsManager] System memory information:
2017-08-02 12:28:10.276+0000 INFO  [o.n.k.i.DiagnosticsManager] Total Physical memory: 16.00 GB
2017-08-02 12:28:10.276+0000 INFO  [o.n.k.i.DiagnosticsManager] Free Physical memory: 759.88 MB
2017-08-02 12:28:10.277+0000 INFO  [o.n.k.i.DiagnosticsManager] Committed virtual memory: 7.92 GB
2017-08-02 12:28:10.277+0000 INFO  [o.n.k.i.DiagnosticsManager] Total swap space: 1.00 GB
2017-08-02 12:28:10.277+0000 INFO  [o.n.k.i.DiagnosticsManager] Free swap space: 1020.00 MB
2017-08-02 12:28:10.278+0000 INFO  [o.n.k.i.DiagnosticsManager] JVM memory information:
2017-08-02 12:28:10.278+0000 INFO  [o.n.k.i.DiagnosticsManager] Free  memory: 176.73 MB
2017-08-02 12:28:10.278+0000 INFO  [o.n.k.i.DiagnosticsManager] Total memory: 245.50 MB
2017-08-02 12:28:10.278+0000 INFO  [o.n.k.i.DiagnosticsManager] Max   memory: 3.56 GB
2017-08-02 12:28:10.280+0000 INFO  [o.n.k.i.DiagnosticsManager] Garbage Collector: PS Scavenge: [PS Eden Space, PS Survivor Space]
2017-08-02 12:28:10.280+0000 INFO  [o.n.k.i.DiagnosticsManager] Garbage Collector: PS MarkSweep: [PS Eden Space, PS Survivor Space, PS Old Gen]
2017-08-02 12:28:10.281+0000 INFO  [o.n.k.i.DiagnosticsManager] Memory Pool: Code Cache (Non-heap memory): committed=5.19 MB, used=5.15 MB, max=240.00 MB, threshold=0.00 B
2017-08-02 12:28:10.281+0000 INFO  [o.n.k.i.DiagnosticsManager] Memory Pool: Metaspace (Non-heap memory): committed=18.00 MB, used=17.27 MB, max=-1.00 B, threshold=0.00 B
2017-08-02 12:28:10.281+0000 INFO  [o.n.k.i.DiagnosticsManager] Memory Pool: Compressed Class Space (Non-heap memory): committed=2.50 MB, used=2.28 MB, max=1.00 GB, threshold=0.00 B
2017-08-02 12:28:10.281+0000 INFO  [o.n.k.i.DiagnosticsManager] Memory Pool: PS Eden Space (Heap memory): committed=64.00 MB, used=25.99 MB, max=1.31 GB, threshold=?
2017-08-02 12:28:10.282+0000 INFO  [o.n.k.i.DiagnosticsManager] Memory Pool: PS Survivor Space (Heap memory): committed=10.50 MB, used=10.50 MB, max=10.50 MB, threshold=?
2017-08-02 12:28:10.282+0000 INFO  [o.n.k.i.DiagnosticsManager] Memory Pool: PS Old Gen (Heap memory): committed=171.00 MB, used=32.28 MB, max=2.67 GB, threshold=0.00 B
2017-08-02 12:28:10.282+0000 INFO  [o.n.k.i.DiagnosticsManager] Operating system information:
2017-08-02 12:28:10.282+0000 INFO  [o.n.k.i.DiagnosticsManager] Operating System: Mac OS X; version: 10.11.6; arch: x86_64; cpus: 8
2017-08-02 12:28:10.283+0000 INFO  [o.n.k.i.DiagnosticsManager] Max number of file descriptors: 10240
2017-08-02 12:28:10.283+0000 INFO  [o.n.k.i.DiagnosticsManager] Number of open file descriptors: 128
2017-08-02 12:28:10.597+0000 INFO  [o.n.k.i.DiagnosticsManager] Process id: 43904@Deepak-MacBook.local
2017-08-02 12:28:10.597+0000 INFO  [o.n.k.i.DiagnosticsManager] Byte order: LITTLE_ENDIAN
2017-08-02 12:28:10.597+0000 INFO  [o.n.k.i.DiagnosticsManager] Local timezone: Asia/Kolkata
2017-08-02 12:28:10.597+0000 INFO  [o.n.k.i.DiagnosticsManager] JVM information:
2017-08-02 12:28:10.597+0000 INFO  [o.n.k.i.DiagnosticsManager] VM Name: Java HotSpot(TM) 64-Bit Server VM
2017-08-02 12:28:10.597+0000 INFO  [o.n.k.i.DiagnosticsManager] VM Vendor: Oracle Corporation
2017-08-02 12:28:10.598+0000 INFO  [o.n.k.i.DiagnosticsManager] VM Version: 25.91-b14
2017-08-02 12:28:10.598+0000 INFO  [o.n.k.i.DiagnosticsManager] JIT compiler: HotSpot 64-Bit Tiered Compilers
2017-08-02 12:28:10.598+0000 INFO  [o.n.k.i.DiagnosticsManager] VM Arguments: [-Dfile.encoding=UTF-8]
2017-08-02 12:28:10.599+0000 INFO  [o.n.k.i.DiagnosticsManager] Java classpath:
2017-08-02 12:28:10.600+0000 INFO  [o.n.k.i.DiagnosticsManager]  [classpath + loader.0] file:/Users/gdpak/Documents/jio_nfv/ns_micro_service/target/classes/
2017-08-02 12:28:10.600+0000 INFO  [o.n.k.i.DiagnosticsManager]  [bootstrap] /Library/Java/JavaVirtualMachines/jdk1.8.0_91.jdk/Contents/Home/jre/lib/charsets.jar
2017-08-02 12:28:10.600+0000 INFO  [o.n.k.i.DiagnosticsManager]  [classpath + loader.0] file:/Users/gdpak/.m2/repository/javax/ws/rs/javax.ws.rs-api/2.0/javax.ws.rs-api-2.0-sources.jar
2017-08-02 12:28:10.600+0000 INFO  [o.n.k.i.DiagnosticsManager]  [classpath + loader.0] file:/Users/gdpak/.m2/repository/org/neo4j/neo4j-common/3.1.0/neo4j-common-3.1.0.jar
2017-08-02 12:28:10.600+0000 INFO  [o.n.k.i.DiagnosticsManager]  [classpath + loader.0] file:/Users/gdpak/.m2/repository/org/neo4j/neo4j/3.1.0/neo4j-3.1.0.jar
2017-08-02 12:28:10.600+0000 INFO  [o.n.k.i.DiagnosticsManager]  [classpath + loader.0] file:/Users/gdpak/.m2/repository/org/neo4j/neo4j-jmx/3.1.0/neo4j-jmx-3.1.0.jar
2017-08-02 12:28:10.600+0000 INFO  [o.n.k.i.DiagnosticsManager]  [classpath + loader.0] file:/Users/gdpak/.m2/repository/org/neo4j/neo4j-codegen/3.1.0/neo4j-codegen-3.1.0.jar
2017-08-02 12:28:10.600+0000 INFO  [o.n.k.i.DiagnosticsManager]  [classpath + loader.0] file:/Users/gdpak/.m2/repository/org/glassfish/jersey/containers/jersey-container-servlet-core/2.0/jersey-container-servlet-core-2.0.jar
2017-08-02 12:28:10.600+0000 INFO  [o.n.k.i.DiagnosticsManager]  [classpath + loader.0] file:/Users/gdpak/.m2/repository/org/codehaus/jackson/jackson-xc/1.9.11/jackson-xc-1.9.11.jar
2017-08-02 12:28:10.600+0000 INFO  [o.n.k.i.DiagnosticsManager]  [classpath + loader.0] file:/Users/gdpak/.m2/repository/javax/annotation/javax.annotation-api/1.2/javax.annotation-api-1.2.jar
2017-08-02 12:28:10.600+0000 INFO  [o.n.k.i.DiagnosticsManager]  [classpath + loader.0] file:/Users/gdpak/.m2/repository/org/neo4j/neo4j-collections/3.1.0/neo4j-collections-3.1.0.jar
2017-08-02 12:28:10.600+0000 INFO  [o.n.k.i.DiagnosticsManager]  [classpath + loader.0] file:/Users/gdpak/.m2/repository/org/neo4j/neo4j-import-tool/3.1.0/neo4j-import-tool-3.1.0.jar
2017-08-02 12:28:10.600+0000 INFO  [o.n.k.i.DiagnosticsManager]  [classpath + loader.0] file:/Users/gdpak/.m2/repository/org/glassfish/jersey/containers/jersey-container-servlet-core/2.0/jersey-container-servlet-core-2.0-sources.jar
2017-08-02 12:28:10.600+0000 INFO  [o.n.k.i.DiagnosticsManager]  [bootstrap] /Library/Java/JavaVirtualMachines/jdk1.8.0_91.jdk/Contents/Home/jre/lib/sunrsasign.jar
2017-08-02 12:28:10.600+0000 INFO  [o.n.k.i.DiagnosticsManager]  [classpath + loader.0] file:/Users/gdpak/.m2/repository/org/neo4j/neo4j-kernel/3.1.0/neo4j-kernel-3.1.0.jar
2017-08-02 12:28:10.600+0000 INFO  [o.n.k.i.DiagnosticsManager]  [bootstrap] /Library/Java/JavaVirtualMachines/jdk1.8.0_91.jdk/Contents/Home/jre/lib/resources.jar
2017-08-02 12:28:10.601+0000 INFO  [o.n.k.i.DiagnosticsManager]  [classpath + loader.0] file:/Users/gdpak/.m2/repository/org/neo4j/neo4j-consistency-check/3.1.0/neo4j-consistency-check-3.1.0.jar
2017-08-02 12:28:10.601+0000 INFO  [o.n.k.i.DiagnosticsManager]  [classpath + loader.0] file:/Users/gdpak/.m2/repository/javax/validation/validation-api/1.1.0.Final/validation-api-1.1.0.Final.jar
2017-08-02 12:28:10.601+0000 INFO  [o.n.k.i.DiagnosticsManager]  [classpath + loader.0] file:/Users/gdpak/.m2/repository/org/apache/commons/commons-lang3/3.3.2/commons-lang3-3.3.2.jar
2017-08-02 12:28:10.601+0000 INFO  [o.n.k.i.DiagnosticsManager]  [classpath + loader.0] file:/Users/gdpak/.m2/repository/org/eclipse/jetty/jetty-util/9.4.6.v20170531/jetty-util-9.4.6.v20170531.jar
2017-08-02 12:28:10.601+0000 INFO  [o.n.k.i.DiagnosticsManager]  [classpath + loader.0] file:/Users/gdpak/.m2/repository/javax/servlet/javax.servlet-api/3.1.0/javax.servlet-api-3.1.0.jar
2017-08-02 12:28:10.601+0000 INFO  [o.n.k.i.DiagnosticsManager]  [classpath + loader.0] file:/Users/gdpak/.m2/repository/org/apache/lucene/lucene-backward-codecs/5.5.0/lucene-backward-codecs-5.5.0.jar
2017-08-02 12:28:10.601+0000 INFO  [o.n.k.i.DiagnosticsManager]  [classpath + loader.0] file:/Users/gdpak/.m2/repository/org/eclipse/jetty/jetty-servlets/9.4.6.v20170531/jetty-servlets-9.4.6.v20170531.jar
2017-08-02 12:28:10.601+0000 INFO  [o.n.k.i.DiagnosticsManager]  [classpath + loader.0] file:/Users/gdpak/.m2/repository/org/neo4j/neo4j-graphdb-api/3.1.0/neo4j-graphdb-api-3.1.0.jar
2017-08-02 12:28:10.601+0000 INFO  [o.n.k.i.DiagnosticsManager]  [classpath + loader.0] file:/Users/gdpak/.m2/repository/org/parboiled/parboiled-core/1.1.7/parboiled-core-1.1.7.jar
2017-08-02 12:28:10.601+0000 INFO  [o.n.k.i.DiagnosticsManager]  [classpath + loader.0] file:/Users/gdpak/.m2/repository/org/neo4j/neo4j-graph-algo/3.1.0/neo4j-graph-algo-3.1.0.jar
2017-08-02 12:28:10.601+0000 INFO  [o.n.k.i.DiagnosticsManager]  [classpath + loader.0] file:/Users/gdpak/.m2/repository/org/parboiled/parboiled-scala_2.11/1.1.7/parboiled-scala_2.11-1.1.7.jar
2017-08-02 12:28:10.601+0000 INFO  [o.n.k.i.DiagnosticsManager]  [classpath + loader.0] file:/Users/gdpak/.m2/repository/org/ow2/asm/asm/5.0.4/asm-5.0.4.jar
2017-08-02 12:28:10.601+0000 INFO  [o.n.k.i.DiagnosticsManager]  [classpath + loader.0] file:/Users/gdpak/.m2/repository/org/neo4j/neo4j-command-line/3.1.0/neo4j-command-line-3.1.0.jar
2017-08-02 12:28:10.601+0000 INFO  [o.n.k.i.DiagnosticsManager]  [loader.1] file:/System/Library/Java/Extensions/j3daudio.jar
2017-08-02 12:28:10.601+0000 INFO  [o.n.k.i.DiagnosticsManager]  [loader.1] file:/Library/Java/JavaVirtualMachines/jdk1.8.0_91.jdk/Contents/Home/jre/lib/ext/jfxrt.jar
2017-08-02 12:28:10.601+0000 INFO  [o.n.k.i.DiagnosticsManager]  [loader.1] file:/System/Library/Java/Extensions/j3dutils.jar
2017-08-02 12:28:10.601+0000 INFO  [o.n.k.i.DiagnosticsManager]  [loader.1] file:/System/Library/Java/Extensions/jai_codec.jar
2017-08-02 12:28:10.601+0000 INFO  [o.n.k.i.DiagnosticsManager]  [classpath + loader.0] file:/Users/gdpak/.m2/repository/org/apache/lucene/lucene-queryparser/5.5.0/lucene-queryparser-5.5.0.jar
2017-08-02 12:28:10.601+0000 INFO  [o.n.k.i.DiagnosticsManager]  [loader.1] file:/Library/Java/JavaVirtualMachines/jdk1.8.0_91.jdk/Contents/Home/jre/lib/ext/sunpkcs11.jar
2017-08-02 12:28:10.601+0000 INFO  [o.n.k.i.DiagnosticsManager]  [classpath + loader.0] file:/Users/gdpak/.m2/repository/com/fasterxml/jackson/jaxrs/jackson-jaxrs-json-provider/2.6.1/jackson-jaxrs-json-provider-2.6.1.jar
2017-08-02 12:28:10.601+0000 INFO  [o.n.k.i.DiagnosticsManager]  [classpath + loader.0] file:/Users/gdpak/.m2/repository/org/neo4j/neo4j-cypher/3.1.0/neo4j-cypher-3.1.0.jar
2017-08-02 12:28:10.601+0000 INFO  [o.n.k.i.DiagnosticsManager]  [classpath + loader.0] file:/Users/gdpak/.m2/repository/org/apache/lucene/lucene-analyzers-common/5.5.0/lucene-analyzers-common-5.5.0.jar
2017-08-02 12:28:10.601+0000 INFO  [o.n.k.i.DiagnosticsManager]  [classpath + loader.0] file:/Users/gdpak/.m2/repository/net/sf/opencsv/opencsv/2.3/opencsv-2.3.jar
2017-08-02 12:28:10.601+0000 INFO  [o.n.k.i.DiagnosticsManager]  [classpath + loader.0] file:/Users/gdpak/.m2/repository/org/neo4j/neo4j-lucene-index/3.1.0/neo4j-lucene-index-3.1.0.jar
2017-08-02 12:28:10.601+0000 INFO  [o.n.k.i.DiagnosticsManager]  [classpath + loader.0] file:/Users/gdpak/.m2/repository/org/glassfish/hk2/hk2-api/2.1.88/hk2-api-2.1.88.jar
2017-08-02 12:28:10.601+0000 INFO  [o.n.k.i.DiagnosticsManager]  [bootstrap] /Library/Java/JavaVirtualMachines/jdk1.8.0_91.jdk/Contents/Home/jre/lib/jsse.jar
2017-08-02 12:28:10.602+0000 INFO  [o.n.k.i.DiagnosticsManager]  [classpath + loader.0] file:/Users/gdpak/.m2/repository/org/eclipse/jetty/jetty-http/9.4.6.v20170531/jetty-http-9.4.6.v20170531.jar
2017-08-02 12:28:10.602+0000 INFO  [o.n.k.i.DiagnosticsManager]  [loader.1] file:/System/Library/Java/Extensions/libmlib_jai.jnilib
2017-08-02 12:28:10.602+0000 INFO  [o.n.k.i.DiagnosticsManager]  [classpath + loader.0] file:/Users/gdpak/.m2/repository/org/glassfish/jersey/core/jersey-common/2.0/jersey-common-2.0.jar
2017-08-02 12:28:10.602+0000 INFO  [o.n.k.i.DiagnosticsManager]  [classpath + loader.0] file:/Users/gdpak/.m2/repository/org/scala-lang/scala-reflect/2.11.8/scala-reflect-2.11.8.jar
2017-08-02 12:28:10.602+0000 INFO  [o.n.k.i.DiagnosticsManager]  [classpath + loader.0] file:/Users/gdpak/.m2/repository/org/glassfish/jersey/containers/jersey-container-servlet/2.0/jersey-container-servlet-2.0-sources.jar
2017-08-02 12:28:10.602+0000 INFO  [o.n.k.i.DiagnosticsManager]  [loader.1] file:/Library/Java/JavaVirtualMachines/jdk1.8.0_91.jdk/Contents/Home/jre/lib/ext/localedata.jar
2017-08-02 12:28:10.602+0000 INFO  [o.n.k.i.DiagnosticsManager]  [classpath + loader.0] file:/Users/gdpak/.m2/repository/org/eclipse/jetty/jetty-server/9.4.6.v20170531/jetty-server-9.4.6.v20170531.jar
2017-08-02 12:28:10.602+0000 INFO  [o.n.k.i.DiagnosticsManager]  [classpath + loader.0] file:/Users/gdpak/.m2/repository/org/glassfish/hk2/external/asm-all-repackaged/2.1.88/asm-all-repackaged-2.1.88.jar
2017-08-02 12:28:10.602+0000 INFO  [o.n.k.i.DiagnosticsManager]  [classpath + loader.0] file:/Users/gdpak/.m2/repository/org/glassfish/jersey/containers/jersey-container-servlet/2.0/jersey-container-servlet-2.0.jar
2017-08-02 12:28:10.602+0000 INFO  [o.n.k.i.DiagnosticsManager]  [loader.1] file:/Library/Java/JavaVirtualMachines/jdk1.8.0_91.jdk/Contents/Home/jre/lib/ext/sunjce_provider.jar
2017-08-02 12:28:10.602+0000 INFO  [o.n.k.i.DiagnosticsManager]  [loader.1] file:/System/Library/Java/Extensions/libJ3DAudio.jnilib
2017-08-02 12:28:10.602+0000 INFO  [o.n.k.i.DiagnosticsManager]  [classpath + loader.0] file:/Users/gdpak/.m2/repository/org/codehaus/jackson/jackson-core-asl/1.9.11/jackson-core-asl-1.9.11.jar
2017-08-02 12:28:10.602+0000 INFO  [o.n.k.i.DiagnosticsManager]  [classpath + loader.0] file:/Users/gdpak/.m2/repository/org/neo4j/neo4j-lucene-upgrade/3.1.0/neo4j-lucene-upgrade-3.1.0.jar
2017-08-02 12:28:10.602+0000 INFO  [o.n.k.i.DiagnosticsManager]  [classpath + loader.0] file:/Users/gdpak/.m2/repository/javax/ws/rs/javax.ws.rs-api/2.0/javax.ws.rs-api-2.0.jar
2017-08-02 12:28:10.602+0000 INFO  [o.n.k.i.DiagnosticsManager]  [bootstrap] /Library/Java/JavaVirtualMachines/jdk1.8.0_91.jdk/Contents/Home/jre/lib/rt.jar
2017-08-02 12:28:10.602+0000 INFO  [o.n.k.i.DiagnosticsManager]  [bootstrap] /Library/Java/JavaVirtualMachines/jdk1.8.0_91.jdk/Contents/Home/jre/lib/jfr.jar
2017-08-02 12:28:10.602+0000 INFO  [o.n.k.i.DiagnosticsManager]  [loader.1] file:/System/Library/Java/Extensions/jai_core.jar
2017-08-02 12:28:10.602+0000 INFO  [o.n.k.i.DiagnosticsManager]  [classpath + loader.0] file:/Users/gdpak/.m2/repository/com/fasterxml/jackson/core/jackson-annotations/2.6.0/jackson-annotations-2.6.0.jar
2017-08-02 12:28:10.602+0000 INFO  [o.n.k.i.DiagnosticsManager]  [classpath + loader.0] file:/Users/gdpak/.m2/repository/org/glassfish/jersey/core/jersey-server/2.0/jersey-server-2.0-sources.jar
2017-08-02 12:28:10.602+0000 INFO  [o.n.k.i.DiagnosticsManager]  [classpath + loader.0] file:/Users/gdpak/.m2/repository/org/eclipse/jetty/jetty-continuation/9.4.6.v20170531/jetty-continuation-9.4.6.v20170531.jar
2017-08-02 12:28:10.602+0000 INFO  [o.n.k.i.DiagnosticsManager]  [classpath + loader.0] file:/Users/gdpak/.m2/repository/org/neo4j/neo4j-csv/3.1.0/neo4j-csv-3.1.0.jar
2017-08-02 12:28:10.602+0000 INFO  [o.n.k.i.DiagnosticsManager]  [classpath + loader.0] file:/Users/gdpak/.m2/repository/org/neo4j/neo4j-cypher-frontend-3.0/3.0.7/neo4j-cypher-frontend-3.0-3.0.7.jar
2017-08-02 12:28:10.602+0000 INFO  [o.n.k.i.DiagnosticsManager]  [classpath + loader.0] file:/Users/gdpak/.m2/repository/org/neo4j/neo4j-io/3.1.0/neo4j-io-3.1.0.jar
2017-08-02 12:28:10.602+0000 INFO  [o.n.k.i.DiagnosticsManager]  [classpath + loader.0] file:/Users/gdpak/.m2/repository/org/glassfish/hk2/hk2-utils/2.1.88/hk2-utils-2.1.88.jar
2017-08-02 12:28:10.602+0000 INFO  [o.n.k.i.DiagnosticsManager]  [classpath + loader.0] file:/Users/gdpak/.m2/repository/org/neo4j/neo4j-cypher-frontend-3.1/3.1.0/neo4j-cypher-frontend-3.1-3.1.0.jar
2017-08-02 12:28:10.602+0000 INFO  [o.n.k.i.DiagnosticsManager]  [classpath + loader.0] file:/Users/gdpak/.m2/repository/com/fasterxml/jackson/core/jackson-core/2.6.1/jackson-core-2.6.1.jar
2017-08-02 12:28:10.602+0000 INFO  [o.n.k.i.DiagnosticsManager]  [loader.1] file:/System/Library/Java/Extensions/vecmath.jar
2017-08-02 12:28:10.602+0000 INFO  [o.n.k.i.DiagnosticsManager]  [classpath + loader.0] file:/Users/gdpak/.m2/repository/org/neo4j/neo4j-graph-matching/3.1.0/neo4j-graph-matching-3.1.0.jar
2017-08-02 12:28:10.602+0000 INFO  [o.n.k.i.DiagnosticsManager]  [classpath + loader.0] file:/Users/gdpak/.m2/repository/org/apache/lucene/lucene-codecs/5.5.0/lucene-codecs-5.5.0.jar
2017-08-02 12:28:10.603+0000 INFO  [o.n.k.i.DiagnosticsManager]  [classpath + loader.0] file:/Users/gdpak/.m2/repository/com/fasterxml/jackson/core/jackson-databind/2.6.1/jackson-databind-2.6.1.jar
2017-08-02 12:28:10.603+0000 INFO  [o.n.k.i.DiagnosticsManager]  [classpath + loader.0] file:/Users/gdpak/.m2/repository/org/glassfish/jersey/core/jersey-server/2.0/jersey-server-2.0.jar
2017-08-02 12:28:10.603+0000 INFO  [o.n.k.i.DiagnosticsManager]  [loader.1] file:/System/Library/Java/Extensions/libJ3D.jnilib
2017-08-02 12:28:10.603+0000 INFO  [o.n.k.i.DiagnosticsManager]  [classpath + loader.0] file:/Users/gdpak/.m2/repository/com/github/ben-manes/caffeine/caffeine/2.3.3/caffeine-2.3.3.jar
2017-08-02 12:28:10.603+0000 INFO  [o.n.k.i.DiagnosticsManager]  [loader.1] file:/Library/Java/JavaVirtualMachines/jdk1.8.0_91.jdk/Contents/Home/jre/lib/ext/sunec.jar
2017-08-02 12:28:10.603+0000 INFO  [o.n.k.i.DiagnosticsManager]  [loader.1] file:/Library/Java/JavaVirtualMachines/jdk1.8.0_91.jdk/Contents/Home/jre/lib/ext/cldrdata.jar
2017-08-02 12:28:10.603+0000 INFO  [o.n.k.i.DiagnosticsManager]  [classpath + loader.0] file:/Users/gdpak/.m2/repository/org/neo4j/neo4j-cypher-compiler-2.3/2.3.7/neo4j-cypher-compiler-2.3-2.3.7.jar
2017-08-02 12:28:10.603+0000 INFO  [o.n.k.i.DiagnosticsManager]  [classpath + loader.0] file:/Users/gdpak/.m2/repository/org/scala-lang/scala-library/2.11.8/scala-library-2.11.8.jar
2017-08-02 12:28:10.603+0000 INFO  [o.n.k.i.DiagnosticsManager]  [classpath + loader.0] file:/Users/gdpak/.m2/repository/org/glassfish/jersey/core/jersey-common/2.0/jersey-common-2.0-sources.jar
2017-08-02 12:28:10.603+0000 INFO  [o.n.k.i.DiagnosticsManager]  [classpath + loader.0] file:/Users/gdpak/.m2/repository/org/neo4j/neo4j-cypher-frontend-2.3/2.3.7/neo4j-cypher-frontend-2.3-2.3.7.jar
2017-08-02 12:28:10.603+0000 INFO  [o.n.k.i.DiagnosticsManager]  [classpath + loader.0] file:/Users/gdpak/.m2/repository/org/glassfish/jersey/core/jersey-client/2.0/jersey-client-2.0.jar
2017-08-02 12:28:10.603+0000 INFO  [o.n.k.i.DiagnosticsManager]  [classpath + loader.0] file:/Users/gdpak/.m2/repository/org/apache/lucene/lucene-core/5.5.0/lucene-core-5.5.0.jar
2017-08-02 12:28:10.603+0000 INFO  [o.n.k.i.DiagnosticsManager]  [loader.1] file:/System/Library/Java/Extensions/libAppleScriptEngine.jnilib
2017-08-02 12:28:10.603+0000 INFO  [o.n.k.i.DiagnosticsManager]  [loader.1] file:/System/Library/Java/Extensions/dns_sd.jar
2017-08-02 12:28:10.603+0000 INFO  [o.n.k.i.DiagnosticsManager]  [classpath + loader.0] file:/Users/gdpak/.m2/repository/org/eclipse/jetty/jetty-io/9.4.6.v20170531/jetty-io-9.4.6.v20170531.jar
2017-08-02 12:28:10.603+0000 INFO  [o.n.k.i.DiagnosticsManager]  [loader.1] file:/System/Library/Java/Extensions/MRJToolkit.jar
2017-08-02 12:28:10.603+0000 INFO  [o.n.k.i.DiagnosticsManager]  [bootstrap] /Library/Java/JavaVirtualMachines/jdk1.8.0_91.jdk/Contents/Home/jre/lib/jce.jar
2017-08-02 12:28:10.603+0000 INFO  [o.n.k.i.DiagnosticsManager]  [classpath + loader.0] file:/Users/gdpak/.m2/repository/org/codehaus/jackson/jackson-jaxrs/1.9.11/jackson-jaxrs-1.9.11.jar
2017-08-02 12:28:10.603+0000 INFO  [o.n.k.i.DiagnosticsManager]  [classpath + loader.0] file:/Users/gdpak/.m2/repository/org/eclipse/jetty/jetty-servlet/9.4.6.v20170531/jetty-servlet-9.4.6.v20170531.jar
2017-08-02 12:28:10.603+0000 INFO  [o.n.k.i.DiagnosticsManager]  [classpath + loader.0] file:/Users/gdpak/.m2/repository/org/neo4j/neo4j-logging/3.1.0/neo4j-logging-3.1.0.jar
2017-08-02 12:28:10.603+0000 INFO  [o.n.k.i.DiagnosticsManager]  [classpath + loader.0] file:/Users/gdpak/.m2/repository/org/glassfish/jersey/core/jersey-client/2.0/jersey-client-2.0-sources.jar
2017-08-02 12:28:10.603+0000 INFO  [o.n.k.i.DiagnosticsManager]  [classpath + loader.0] file:/Users/gdpak/.m2/repository/org/codehaus/jackson/jackson-mapper-asl/1.9.11/jackson-mapper-asl-1.9.11.jar
2017-08-02 12:28:10.603+0000 INFO  [o.n.k.i.DiagnosticsManager]  [loader.1] file:/System/Library/Java/Extensions/mlibwrapper_jai.jar
2017-08-02 12:28:10.603+0000 INFO  [o.n.k.i.DiagnosticsManager]  [classpath + loader.0] file:/Users/gdpak/.m2/repository/org/neo4j/neo4j-cypher-compiler-3.0/3.0.7/neo4j-cypher-compiler-3.0-3.0.7.jar
2017-08-02 12:28:10.603+0000 INFO  [o.n.k.i.DiagnosticsManager]  [loader.1] file:/System/Library/Java/Extensions/libJ3DUtils.jnilib
2017-08-02 12:28:10.603+0000 INFO  [o.n.k.i.DiagnosticsManager]  [classpath + loader.0] file:/Users/gdpak/.m2/repository/org/neo4j/neo4j-primitive-collections/3.1.0/neo4j-primitive-collections-3.1.0.jar
2017-08-02 12:28:10.603+0000 INFO  [o.n.k.i.DiagnosticsManager]  [loader.1] file:/Library/Java/JavaVirtualMachines/jdk1.8.0_91.jdk/Contents/Home/jre/lib/ext/zipfs.jar
2017-08-02 12:28:10.603+0000 INFO  [o.n.k.i.DiagnosticsManager]  [loader.1] file:/Library/Java/JavaVirtualMachines/jdk1.8.0_91.jdk/Contents/Home/jre/lib/ext/jaccess.jar
2017-08-02 12:28:10.603+0000 INFO  [o.n.k.i.DiagnosticsManager]  [classpath + loader.0] file:/Users/gdpak/.m2/repository/com/googlecode/concurrentlinkedhashmap/concurrentlinkedhashmap-lru/1.4.2/concurrentlinkedhashmap-lru-1.4.2.jar
2017-08-02 12:28:10.603+0000 INFO  [o.n.k.i.DiagnosticsManager]  [loader.1] file:/System/Library/Java/Extensions/AppleScriptEngine.jar
2017-08-02 12:28:10.604+0000 INFO  [o.n.k.i.DiagnosticsManager]  [classpath + loader.0] file:/Users/gdpak/.m2/repository/com/fasterxml/jackson/jaxrs/jackson-jaxrs-base/2.6.1/jackson-jaxrs-base-2.6.1.jar
2017-08-02 12:28:10.604+0000 INFO  [o.n.k.i.DiagnosticsManager]  [classpath + loader.0] file:/Users/gdpak/.m2/repository/org/neo4j/neo4j-unsafe/3.1.0/neo4j-unsafe-3.1.0.jar
2017-08-02 12:28:10.604+0000 INFO  [o.n.k.i.DiagnosticsManager]  [classpath + loader.0] file:/Users/gdpak/.m2/repository/org/glassfish/hk2/osgi-resource-locator/1.0.1/osgi-resource-locator-1.0.1.jar
2017-08-02 12:28:10.604+0000 INFO  [o.n.k.i.DiagnosticsManager]  [classpath + loader.0] file:/Users/gdpak/.m2/repository/org/glassfish/hk2/external/cglib/2.1.88/cglib-2.1.88.jar
2017-08-02 12:28:10.604+0000 INFO  [o.n.k.i.DiagnosticsManager]  [bootstrap] /Library/Java/JavaVirtualMachines/jdk1.8.0_91.jdk/Contents/Home/jre/classes
2017-08-02 12:28:10.604+0000 INFO  [o.n.k.i.DiagnosticsManager]  [classpath + loader.0] file:/Users/gdpak/.m2/repository/org/apache/commons/commons-compress/1.12/commons-compress-1.12.jar
2017-08-02 12:28:10.604+0000 INFO  [o.n.k.i.DiagnosticsManager]  [classpath + loader.0] file:/Users/gdpak/.m2/repository/org/glassfish/jersey/media/jersey-media-json-jackson/2.0/jersey-media-json-jackson-2.0.jar
2017-08-02 12:28:10.604+0000 INFO  [o.n.k.i.DiagnosticsManager]  [classpath + loader.0] file:/Users/gdpak/.m2/repository/org/eclipse/jetty/jetty-security/9.4.6.v20170531/jetty-security-9.4.6.v20170531.jar
2017-08-02 12:28:10.604+0000 INFO  [o.n.k.i.DiagnosticsManager]  [classpath + loader.0] file:/Users/gdpak/.m2/repository/com/fasterxml/jackson/module/jackson-module-jaxb-annotations/2.6.1/jackson-module-jaxb-annotations-2.6.1.jar
2017-08-02 12:28:10.604+0000 INFO  [o.n.k.i.DiagnosticsManager]  [loader.1] file:/usr/lib/java/libjdns_sd.jnilib
2017-08-02 12:28:10.604+0000 INFO  [o.n.k.i.DiagnosticsManager]  [classpath + loader.0] file:/Users/gdpak/.m2/repository/org/neo4j/neo4j-resource/3.1.0/neo4j-resource-3.1.0.jar
2017-08-02 12:28:10.604+0000 INFO  [o.n.k.i.DiagnosticsManager]  [classpath + loader.0] file:/Users/gdpak/.m2/repository/org/neo4j/neo4j-cypher-compiler-3.1/3.1.0/neo4j-cypher-compiler-3.1-3.1.0.jar
2017-08-02 12:28:10.604+0000 INFO  [o.n.k.i.DiagnosticsManager]  [loader.1] file:/Library/Java/JavaVirtualMachines/jdk1.8.0_91.jdk/Contents/Home/jre/lib/ext/dnsns.jar
2017-08-02 12:28:10.604+0000 INFO  [o.n.k.i.DiagnosticsManager]  [classpath + loader.0] file:/Users/gdpak/.m2/repository/org/glassfish/hk2/hk2-locator/2.1.88/hk2-locator-2.1.88.jar
2017-08-02 12:28:10.604+0000 INFO  [o.n.k.i.DiagnosticsManager]  [classpath + loader.0] file:/Users/gdpak/.m2/repository/org/glassfish/jersey/bundles/jaxrs-ri/2.0/jaxrs-ri-2.0.jar
2017-08-02 12:28:10.604+0000 INFO  [o.n.k.i.DiagnosticsManager]  [classpath + loader.0] file:/Users/gdpak/.m2/repository/org/glassfish/hk2/external/javax.inject/2.1.88/javax.inject-2.1.88.jar
2017-08-02 12:28:10.604+0000 INFO  [o.n.k.i.DiagnosticsManager]  [classpath + loader.0] file:/Users/gdpak/.m2/repository/org/neo4j/neo4j-dbms/3.1.0/neo4j-dbms-3.1.0.jar
2017-08-02 12:28:10.604+0000 INFO  [o.n.k.i.DiagnosticsManager]  [loader.1] file:/Library/Java/JavaVirtualMachines/jdk1.8.0_91.jdk/Contents/Home/jre/lib/ext/nashorn.jar
2017-08-02 12:28:10.604+0000 INFO  [o.n.k.i.DiagnosticsManager]  [classpath + loader.0] file:/Users/gdpak/.m2/repository/org/neo4j/neo4j-udc/3.1.0/neo4j-udc-3.1.0.jar
2017-08-02 12:28:10.604+0000 INFO  [o.n.k.i.DiagnosticsManager]  [loader.1] file:/System/Library/Java/Extensions/j3dcore.jar
2017-08-02 12:28:10.604+0000 INFO  [o.n.k.i.DiagnosticsManager]  [classpath + loader.0] file:/Users/gdpak/.m2/repository/com/google/guava/guava/14.0.1/guava-14.0.1.jar
2017-08-02 12:28:10.604+0000 INFO  [o.n.k.i.DiagnosticsManager] Library path:
2017-08-02 12:28:10.604+0000 INFO  [o.n.k.i.DiagnosticsManager] /Users/gdpak/Library/Java/Extensions
2017-08-02 12:28:10.604+0000 INFO  [o.n.k.i.DiagnosticsManager] /Library/Java/Extensions
2017-08-02 12:28:10.604+0000 INFO  [o.n.k.i.DiagnosticsManager] /Network/Library/Java/Extensions
2017-08-02 12:28:10.604+0000 INFO  [o.n.k.i.DiagnosticsManager] /System/Library/Java/Extensions
2017-08-02 12:28:10.605+0000 INFO  [o.n.k.i.DiagnosticsManager] /usr/lib/java
2017-08-02 12:28:10.605+0000 INFO  [o.n.k.i.DiagnosticsManager] /Users/gdpak/Documents/jio_nfv/ns_micro_service
2017-08-02 12:28:10.605+0000 INFO  [o.n.k.i.DiagnosticsManager] System.properties:
2017-08-02 12:28:10.605+0000 INFO  [o.n.k.i.DiagnosticsManager] sun.boot.library.path = /Library/Java/JavaVirtualMachines/jdk1.8.0_91.jdk/Contents/Home/jre/lib
2017-08-02 12:28:10.605+0000 INFO  [o.n.k.i.DiagnosticsManager] user.country.format = IN
2017-08-02 12:28:10.605+0000 INFO  [o.n.k.i.DiagnosticsManager] gopherProxySet = false
2017-08-02 12:28:10.605+0000 INFO  [o.n.k.i.DiagnosticsManager] path.separator = :
2017-08-02 12:28:10.605+0000 INFO  [o.n.k.i.DiagnosticsManager] file.encoding.pkg = sun.io
2017-08-02 12:28:10.605+0000 INFO  [o.n.k.i.DiagnosticsManager] user.country = US
2017-08-02 12:28:10.605+0000 INFO  [o.n.k.i.DiagnosticsManager] sun.java.launcher = SUN_STANDARD
2017-08-02 12:28:10.605+0000 INFO  [o.n.k.i.DiagnosticsManager] sun.os.patch.level = unknown
2017-08-02 12:28:10.605+0000 INFO  [o.n.k.i.DiagnosticsManager] user.dir = /Users/gdpak/Documents/jio_nfv/ns_micro_service
2017-08-02 12:28:10.605+0000 INFO  [o.n.k.i.DiagnosticsManager] sun.jnu.encoding = UTF-8
2017-08-02 12:28:10.605+0000 INFO  [o.n.k.i.DiagnosticsManager] sun.management.compiler = HotSpot 64-Bit Tiered Compilers
2017-08-02 12:28:10.605+0000 INFO  [o.n.k.i.DiagnosticsManager] http.nonProxyHosts = local|*.local|169.254/16|*.169.254/16
2017-08-02 12:28:10.605+0000 INFO  [o.n.k.i.DiagnosticsManager] user.home = /Users/gdpak
2017-08-02 12:28:10.605+0000 INFO  [o.n.k.i.DiagnosticsManager] user.timezone = Asia/Kolkata
2017-08-02 12:28:10.605+0000 INFO  [o.n.k.i.DiagnosticsManager] file.encoding = UTF-8
2017-08-02 12:28:10.605+0000 INFO  [o.n.k.i.DiagnosticsManager] user.name = gdpak
2017-08-02 12:28:10.605+0000 INFO  [o.n.k.i.DiagnosticsManager] sun.java.command = com.ns_rest.api_server.NsApiMainRequestHandler
2017-08-02 12:28:10.605+0000 INFO  [o.n.k.i.DiagnosticsManager] sun.arch.data.model = 64
2017-08-02 12:28:10.605+0000 INFO  [o.n.k.i.DiagnosticsManager] user.language = en
2017-08-02 12:28:10.605+0000 INFO  [o.n.k.i.DiagnosticsManager] awt.toolkit = sun.lwawt.macosx.LWCToolkit
2017-08-02 12:28:10.605+0000 INFO  [o.n.k.i.DiagnosticsManager] file.separator = /
2017-08-02 12:28:10.605+0000 INFO  [o.n.k.i.DiagnosticsManager] sun.io.unicode.encoding = UnicodeBig
2017-08-02 12:28:10.605+0000 INFO  [o.n.k.i.DiagnosticsManager] sun.cpu.endian = little
2017-08-02 12:28:10.605+0000 INFO  [o.n.k.i.DiagnosticsManager] socksNonProxyHosts = local|*.local|169.254/16|*.169.254/16
2017-08-02 12:28:10.605+0000 INFO  [o.n.k.i.DiagnosticsManager] ftp.nonProxyHosts = local|*.local|169.254/16|*.169.254/16
2017-08-02 12:28:10.605+0000 INFO  [o.n.k.i.DiagnosticsManager] sun.cpu.isalist = 
2017-08-02 12:28:10.605+0000 INFO  [o.n.k.i.DiagnosticsManager] Network information:
2017-08-02 12:28:10.609+0000 INFO  [o.n.k.i.DiagnosticsManager] Interface awdl0:
2017-08-02 12:28:10.609+0000 INFO  [o.n.k.i.DiagnosticsManager]     address: fe80:0:0:0:d0de:50ff:fe22:64af%awdl0
2017-08-02 12:28:10.609+0000 INFO  [o.n.k.i.DiagnosticsManager] Interface vboxnet1:
2017-08-02 12:28:10.609+0000 INFO  [o.n.k.i.DiagnosticsManager]     address: 172.28.128.1
2017-08-02 12:28:10.609+0000 INFO  [o.n.k.i.DiagnosticsManager] Interface vboxnet0:
2017-08-02 12:28:10.609+0000 INFO  [o.n.k.i.DiagnosticsManager]     address: 192.168.56.1
2017-08-02 12:28:10.609+0000 INFO  [o.n.k.i.DiagnosticsManager] Interface en0:
2017-08-02 12:28:10.609+0000 INFO  [o.n.k.i.DiagnosticsManager]     address: fe80:0:0:0:9a01:a7ff:fe99:b5d3%en0
2017-08-02 12:28:10.609+0000 INFO  [o.n.k.i.DiagnosticsManager]     address: 10.65.54.73
2017-08-02 12:28:10.609+0000 INFO  [o.n.k.i.DiagnosticsManager] Interface lo0:
2017-08-02 12:28:10.610+0000 INFO  [o.n.k.i.DiagnosticsManager]     address: fe80:0:0:0:0:0:0:1%lo0
2017-08-02 12:28:10.610+0000 INFO  [o.n.k.i.DiagnosticsManager]     address: 0:0:0:0:0:0:0:1
2017-08-02 12:28:10.610+0000 INFO  [o.n.k.i.DiagnosticsManager]     address: 127.0.0.1
2017-08-02 12:28:10.610+0000 INFO  [o.n.k.i.DiagnosticsManager] --- INITIALIZED diagnostics END ---
2017-08-02 12:28:10.699+0000 INFO  [o.n.k.i.s.f.RecordFormatSelector] Selected format 'RecordFormat:StandardV3_0[v0.A.7]' for the new store
2017-08-02 12:28:11.091+0000 INFO  [o.n.k.a.i.l.LuceneLabelScanStore] No lucene scan store index found, this might just be first use. Preparing to rebuild.
2017-08-02 12:28:11.224+0000 INFO  [o.n.k.NeoStoreDataSource] Opened logical log [/Users/gdpak/Documents/jio_nfv/ns_micro_service/data/neo4j.db/neostore.transaction.db.0] version=0, lastTxId=1 (clean)
2017-08-02 12:28:11.233+0000 WARN  [o.n.k.i.s.MetaDataStore] Missing counts store, rebuilding it.
2017-08-02 12:28:11.327+0000 INFO  [o.n.k.a.i.l.LuceneLabelScanStore] Rebuilding lucene scan store, this may take a while
2017-08-02 12:28:11.336+0000 INFO  [o.n.k.a.i.l.LuceneLabelScanStore] Lucene scan store rebuilt (roughly 0 nodes)
2017-08-02 12:28:11.338+0000 INFO  [o.n.k.i.DatabaseHealth] Database health set to OK
2017-08-02 12:28:11.621+0000 INFO  [o.n.k.AvailabilityGuard] Fulfilling of requirement makes database available: Database available
2017-08-02 12:28:11.622+0000 INFO  [o.n.k.i.f.GraphDatabaseFacadeFactory] Database is now ready
2017-08-02 12:28:11.623+0000 INFO  [o.n.k.i.DiagnosticsManager] --- STARTED diagnostics for KernelDiagnostics:Versions START ---
2017-08-02 12:28:11.623+0000 INFO  [o.n.k.i.DiagnosticsManager] Graph Database: community single StoreId{creationTime=1501676890813, randomId=8395889558509838251, storeVersion=15531981201765894, upgradeTime=1501676890813, upgradeId=1}
2017-08-02 12:28:11.623+0000 INFO  [o.n.k.i.DiagnosticsManager] Kernel version: 3.1.0,16a782b42d76ca37db72958eb2565cf6aa671a29
2017-08-02 12:28:11.623+0000 INFO  [o.n.k.i.DiagnosticsManager] --- STARTED diagnostics for KernelDiagnostics:Versions END ---
2017-08-02 12:28:11.624+0000 INFO  [o.n.k.i.DiagnosticsManager] --- STARTED diagnostics for NEO_STORE_VERSIONS START ---
2017-08-02 12:28:11.624+0000 INFO  [o.n.k.i.DiagnosticsManager] Store versions:
2017-08-02 12:28:11.625+0000 INFO  [o.n.k.i.DiagnosticsManager] Store versions:
2017-08-02 12:28:11.625+0000 INFO  [o.n.k.i.DiagnosticsManager]   ArrayPropertyStore v0.A.7
2017-08-02 12:28:11.625+0000 INFO  [o.n.k.i.DiagnosticsManager]   NodeStore v0.A.7
2017-08-02 12:28:11.625+0000 INFO  [o.n.k.i.DiagnosticsManager]   StringPropertyStore v0.A.7
2017-08-02 12:28:11.625+0000 INFO  [o.n.k.i.DiagnosticsManager]   PropertyIndexStore v0.A.7
2017-08-02 12:28:11.625+0000 INFO  [o.n.k.i.DiagnosticsManager]   StringPropertyStore v0.A.7
2017-08-02 12:28:11.625+0000 INFO  [o.n.k.i.DiagnosticsManager]   ArrayPropertyStore v0.A.7
2017-08-02 12:28:11.625+0000 INFO  [o.n.k.i.DiagnosticsManager]   PropertyStore v0.A.7
2017-08-02 12:28:11.625+0000 INFO  [o.n.k.i.DiagnosticsManager]   RelationshipStore v0.A.7
2017-08-02 12:28:11.625+0000 INFO  [o.n.k.i.DiagnosticsManager]   StringPropertyStore v0.A.7
2017-08-02 12:28:11.625+0000 INFO  [o.n.k.i.DiagnosticsManager]   RelationshipTypeStore v0.A.7
2017-08-02 12:28:11.625+0000 INFO  [o.n.k.i.DiagnosticsManager]   StringPropertyStore v0.A.7
2017-08-02 12:28:11.625+0000 INFO  [o.n.k.i.DiagnosticsManager]   LabelTokenStore v0.A.7
2017-08-02 12:28:11.625+0000 INFO  [o.n.k.i.DiagnosticsManager]   SchemaStore v0.A.7
2017-08-02 12:28:11.625+0000 INFO  [o.n.k.i.DiagnosticsManager]   RelationshipGroupStore v0.A.7
2017-08-02 12:28:11.625+0000 INFO  [o.n.k.i.DiagnosticsManager]   NeoStore v0.A.7
2017-08-02 12:28:11.625+0000 INFO  [o.n.k.i.DiagnosticsManager] --- STARTED diagnostics for NEO_STORE_VERSIONS END ---
2017-08-02 12:28:11.625+0000 INFO  [o.n.k.i.DiagnosticsManager] --- STARTED diagnostics for NEO_STORE_ID_USAGE START ---
2017-08-02 12:28:11.625+0000 INFO  [o.n.k.i.DiagnosticsManager] Id usage:
2017-08-02 12:28:11.625+0000 INFO  [o.n.k.i.DiagnosticsManager] Id usage:
2017-08-02 12:28:11.626+0000 INFO  [o.n.k.i.DiagnosticsManager]   ArrayPropertyStore: used=1 high=0
2017-08-02 12:28:11.626+0000 INFO  [o.n.k.i.DiagnosticsManager]   NodeStore: used=0 high=-1
2017-08-02 12:28:11.626+0000 INFO  [o.n.k.i.DiagnosticsManager]   StringPropertyStore: used=1 high=0
2017-08-02 12:28:11.626+0000 INFO  [o.n.k.i.DiagnosticsManager]   PropertyIndexStore: used=0 high=-1
2017-08-02 12:28:11.626+0000 INFO  [o.n.k.i.DiagnosticsManager]   StringPropertyStore: used=1 high=0
2017-08-02 12:28:11.626+0000 INFO  [o.n.k.i.DiagnosticsManager]   ArrayPropertyStore: used=1 high=0
2017-08-02 12:28:11.626+0000 INFO  [o.n.k.i.DiagnosticsManager]   PropertyStore: used=0 high=-1
2017-08-02 12:28:11.626+0000 INFO  [o.n.k.i.DiagnosticsManager]   RelationshipStore: used=0 high=-1
2017-08-02 12:28:11.626+0000 INFO  [o.n.k.i.DiagnosticsManager]   StringPropertyStore: used=1 high=0
2017-08-02 12:28:11.626+0000 INFO  [o.n.k.i.DiagnosticsManager]   RelationshipTypeStore: used=0 high=-1
2017-08-02 12:28:11.627+0000 INFO  [o.n.k.i.DiagnosticsManager]   StringPropertyStore: used=1 high=0
2017-08-02 12:28:11.627+0000 INFO  [o.n.k.i.DiagnosticsManager]   LabelTokenStore: used=0 high=-1
2017-08-02 12:28:11.627+0000 INFO  [o.n.k.i.DiagnosticsManager]   SchemaStore: used=1 high=0
2017-08-02 12:28:11.627+0000 INFO  [o.n.k.i.DiagnosticsManager]   RelationshipGroupStore: used=1 high=0
2017-08-02 12:28:11.627+0000 INFO  [o.n.k.i.DiagnosticsManager]   NeoStore: used=15 high=14
2017-08-02 12:28:11.627+0000 INFO  [o.n.k.i.DiagnosticsManager] --- STARTED diagnostics for NEO_STORE_ID_USAGE END ---
2017-08-02 12:28:11.627+0000 INFO  [o.n.k.i.DiagnosticsManager] --- STARTED diagnostics for NEO_STORE_RECORDS START ---
2017-08-02 12:28:11.627+0000 INFO  [o.n.k.i.DiagnosticsManager] Neostore records:
2017-08-02 12:28:11.628+0000 INFO  [o.n.k.i.DiagnosticsManager] TIME (Creation time): 1501676890813
2017-08-02 12:28:11.628+0000 INFO  [o.n.k.i.DiagnosticsManager] RANDOM_NUMBER (Random number for store id): 8395889558509838251
2017-08-02 12:28:11.628+0000 INFO  [o.n.k.i.DiagnosticsManager] LOG_VERSION (Current log version): 0
2017-08-02 12:28:11.628+0000 INFO  [o.n.k.i.DiagnosticsManager] LAST_TRANSACTION_ID (Last committed transaction): 1
2017-08-02 12:28:11.628+0000 INFO  [o.n.k.i.DiagnosticsManager] STORE_VERSION (Store format version): 15531981201765894
2017-08-02 12:28:11.628+0000 INFO  [o.n.k.i.DiagnosticsManager] FIRST_GRAPH_PROPERTY (First property record containing graph properties): -1
2017-08-02 12:28:11.628+0000 INFO  [o.n.k.i.DiagnosticsManager] LAST_CONSTRAINT_TRANSACTION (Last committed transaction containing constraint changes): 0
2017-08-02 12:28:11.628+0000 INFO  [o.n.k.i.DiagnosticsManager] UPGRADE_TRANSACTION_ID (Transaction id most recent upgrade was performed at): 1
2017-08-02 12:28:11.628+0000 INFO  [o.n.k.i.DiagnosticsManager] UPGRADE_TIME (Time of last upgrade): 1501676890813
2017-08-02 12:28:11.628+0000 INFO  [o.n.k.i.DiagnosticsManager] LAST_TRANSACTION_CHECKSUM (Checksum of last committed transaction): 0
2017-08-02 12:28:11.628+0000 INFO  [o.n.k.i.DiagnosticsManager] UPGRADE_TRANSACTION_CHECKSUM (Checksum of transaction id the most recent upgrade was performed at): 0
2017-08-02 12:28:11.628+0000 INFO  [o.n.k.i.DiagnosticsManager] LAST_CLOSED_TRANSACTION_LOG_VERSION (Log version where the last transaction commit entry has been written into): 0
2017-08-02 12:28:11.628+0000 INFO  [o.n.k.i.DiagnosticsManager] LAST_CLOSED_TRANSACTION_LOG_BYTE_OFFSET (Byte offset in the log file where the last transaction commit entry has been written into): 16
2017-08-02 12:28:11.628+0000 INFO  [o.n.k.i.DiagnosticsManager] LAST_TRANSACTION_COMMIT_TIMESTAMP (Commit time timestamp for last committed transaction): 0
2017-08-02 12:28:11.628+0000 INFO  [o.n.k.i.DiagnosticsManager] UPGRADE_TRANSACTION_COMMIT_TIMESTAMP (Commit timestamp of transaction the most recent upgrade was performed at): 0
2017-08-02 12:28:11.629+0000 INFO  [o.n.k.i.DiagnosticsManager] --- STARTED diagnostics for NEO_STORE_RECORDS END ---
2017-08-02 12:28:11.630+0000 INFO  [o.n.k.i.DiagnosticsManager] --- STARTED diagnostics for TRANSACTION_RANGE START ---
2017-08-02 12:28:11.630+0000 INFO  [o.n.k.i.DiagnosticsManager] Transaction log:
2017-08-02 12:28:11.630+0000 INFO  [o.n.k.i.DiagnosticsManager] No transactions found in any log
2017-08-02 12:28:11.630+0000 INFO  [o.n.k.i.DiagnosticsManager] --- STARTED diagnostics for TRANSACTION_RANGE END ---
2017-08-02 12:28:11.631+0000 INFO  [o.n.k.i.DiagnosticsManager] --- STARTED diagnostics for KernelDiagnostics:StoreFiles START ---
2017-08-02 12:28:11.631+0000 INFO  [o.n.k.i.DiagnosticsManager] Disk space on partition (Total / Free / Free %): 249779191808 / 55741427712 / 22
Storage files: (filename : modification date - size)
2017-08-02 12:28:11.631+0000 INFO  [o.n.k.i.DiagnosticsManager]   index:
2017-08-02 12:28:11.632+0000 INFO  [o.n.k.i.DiagnosticsManager]   - Total: 2017-08-02T17:58:11+0530 - 0.00 B
2017-08-02 12:28:11.632+0000 INFO  [o.n.k.i.DiagnosticsManager]   logs:
2017-08-02 12:28:11.632+0000 INFO  [o.n.k.i.DiagnosticsManager]     debug.log: 2017-08-02T17:58:11+0530 - 39.95 kB
2017-08-02 12:28:11.632+0000 INFO  [o.n.k.i.DiagnosticsManager]   - Total: 2017-08-02T17:58:10+0530 - 39.95 kB
2017-08-02 12:28:11.632+0000 INFO  [o.n.k.i.DiagnosticsManager]   neostore: 2017-08-02T17:58:10+0530 - 8.00 kB
2017-08-02 12:28:11.632+0000 INFO  [o.n.k.i.DiagnosticsManager]   neostore.counts.db.a: 2017-08-02T17:58:11+0530 - 96.00 B
2017-08-02 12:28:11.632+0000 INFO  [o.n.k.i.DiagnosticsManager]   neostore.id: 2017-08-02T17:58:10+0530 - 9.00 B
2017-08-02 12:28:11.633+0000 INFO  [o.n.k.i.DiagnosticsManager]   neostore.labeltokenstore.db: 2017-08-02T17:58:10+0530 - 0.00 B
2017-08-02 12:28:11.633+0000 INFO  [o.n.k.i.DiagnosticsManager]   neostore.labeltokenstore.db.id: 2017-08-02T17:58:10+0530 - 9.00 B
2017-08-02 12:28:11.633+0000 INFO  [o.n.k.i.DiagnosticsManager]   neostore.labeltokenstore.db.names: 2017-08-02T17:58:10+0530 - 8.00 kB
2017-08-02 12:28:11.633+0000 INFO  [o.n.k.i.DiagnosticsManager]   neostore.labeltokenstore.db.names.id: 2017-08-02T17:58:10+0530 - 9.00 B
2017-08-02 12:28:11.633+0000 INFO  [o.n.k.i.DiagnosticsManager]   neostore.nodestore.db: 2017-08-02T17:58:10+0530 - 0.00 B
2017-08-02 12:28:11.633+0000 INFO  [o.n.k.i.DiagnosticsManager]   neostore.nodestore.db.id: 2017-08-02T17:58:10+0530 - 9.00 B
2017-08-02 12:28:11.633+0000 INFO  [o.n.k.i.DiagnosticsManager]   neostore.nodestore.db.labels: 2017-08-02T17:58:10+0530 - 8.00 kB
2017-08-02 12:28:11.633+0000 INFO  [o.n.k.i.DiagnosticsManager]   neostore.nodestore.db.labels.id: 2017-08-02T17:58:10+0530 - 9.00 B
2017-08-02 12:28:11.633+0000 INFO  [o.n.k.i.DiagnosticsManager]   neostore.propertystore.db: 2017-08-02T17:58:10+0530 - 0.00 B
2017-08-02 12:28:11.634+0000 INFO  [o.n.k.i.DiagnosticsManager]   neostore.propertystore.db.arrays: 2017-08-02T17:58:10+0530 - 8.00 kB
2017-08-02 12:28:11.634+0000 INFO  [o.n.k.i.DiagnosticsManager]   neostore.propertystore.db.arrays.id: 2017-08-02T17:58:10+0530 - 9.00 B
2017-08-02 12:28:11.634+0000 INFO  [o.n.k.i.DiagnosticsManager]   neostore.propertystore.db.id: 2017-08-02T17:58:10+0530 - 9.00 B
2017-08-02 12:28:11.634+0000 INFO  [o.n.k.i.DiagnosticsManager]   neostore.propertystore.db.index: 2017-08-02T17:58:10+0530 - 0.00 B
2017-08-02 12:28:11.634+0000 INFO  [o.n.k.i.DiagnosticsManager]   neostore.propertystore.db.index.id: 2017-08-02T17:58:10+0530 - 9.00 B
2017-08-02 12:28:11.634+0000 INFO  [o.n.k.i.DiagnosticsManager]   neostore.propertystore.db.index.keys: 2017-08-02T17:58:10+0530 - 8.00 kB
2017-08-02 12:28:11.634+0000 INFO  [o.n.k.i.DiagnosticsManager]   neostore.propertystore.db.index.keys.id: 2017-08-02T17:58:10+0530 - 9.00 B
2017-08-02 12:28:11.634+0000 INFO  [o.n.k.i.DiagnosticsManager]   neostore.propertystore.db.strings: 2017-08-02T17:58:10+0530 - 8.00 kB
2017-08-02 12:28:11.635+0000 INFO  [o.n.k.i.DiagnosticsManager]   neostore.propertystore.db.strings.id: 2017-08-02T17:58:10+0530 - 9.00 B
2017-08-02 12:28:11.635+0000 INFO  [o.n.k.i.DiagnosticsManager]   neostore.relationshipgroupstore.db: 2017-08-02T17:58:10+0530 - 8.00 kB
2017-08-02 12:28:11.635+0000 INFO  [o.n.k.i.DiagnosticsManager]   neostore.relationshipgroupstore.db.id: 2017-08-02T17:58:10+0530 - 9.00 B
2017-08-02 12:28:11.635+0000 INFO  [o.n.k.i.DiagnosticsManager]   neostore.relationshipstore.db: 2017-08-02T17:58:10+0530 - 0.00 B
2017-08-02 12:28:11.635+0000 INFO  [o.n.k.i.DiagnosticsManager]   neostore.relationshipstore.db.id: 2017-08-02T17:58:10+0530 - 9.00 B
2017-08-02 12:28:11.635+0000 INFO  [o.n.k.i.DiagnosticsManager]   neostore.relationshiptypestore.db: 2017-08-02T17:58:10+0530 - 0.00 B
2017-08-02 12:28:11.635+0000 INFO  [o.n.k.i.DiagnosticsManager]   neostore.relationshiptypestore.db.id: 2017-08-02T17:58:10+0530 - 9.00 B
2017-08-02 12:28:11.636+0000 INFO  [o.n.k.i.DiagnosticsManager]   neostore.relationshiptypestore.db.names: 2017-08-02T17:58:10+0530 - 8.00 kB
2017-08-02 12:28:11.636+0000 INFO  [o.n.k.i.DiagnosticsManager]   neostore.relationshiptypestore.db.names.id: 2017-08-02T17:58:10+0530 - 9.00 B
2017-08-02 12:28:11.636+0000 INFO  [o.n.k.i.DiagnosticsManager]   neostore.schemastore.db: 2017-08-02T17:58:10+0530 - 8.00 kB
2017-08-02 12:28:11.636+0000 INFO  [o.n.k.i.DiagnosticsManager]   neostore.schemastore.db.id: 2017-08-02T17:58:10+0530 - 9.00 B
2017-08-02 12:28:11.636+0000 INFO  [o.n.k.i.DiagnosticsManager]   neostore.transaction.db.0: 2017-08-02T17:58:11+0530 - 16.00 B
2017-08-02 12:28:11.636+0000 INFO  [o.n.k.i.DiagnosticsManager]   schema:
2017-08-02 12:28:11.636+0000 INFO  [o.n.k.i.DiagnosticsManager]     label:
2017-08-02 12:28:11.637+0000 INFO  [o.n.k.i.DiagnosticsManager]       lucene:
2017-08-02 12:28:11.637+0000 INFO  [o.n.k.i.DiagnosticsManager]         labelStore:
2017-08-02 12:28:11.637+0000 INFO  [o.n.k.i.DiagnosticsManager]           1:
2017-08-02 12:28:11.637+0000 INFO  [o.n.k.i.DiagnosticsManager]             write.lock: 2017-08-02T17:58:11+0530 - 0.00 B
2017-08-02 12:28:11.637+0000 INFO  [o.n.k.i.DiagnosticsManager]           - Total: 2017-08-02T17:58:11+0530 - 0.00 B
2017-08-02 12:28:11.637+0000 INFO  [o.n.k.i.DiagnosticsManager]           failure-message: 2017-08-02T17:58:11+0530 - 16.00 kB
2017-08-02 12:28:11.637+0000 INFO  [o.n.k.i.DiagnosticsManager]         - Total: 2017-08-02T17:58:11+0530 - 16.00 kB
2017-08-02 12:28:11.638+0000 INFO  [o.n.k.i.DiagnosticsManager]       - Total: 2017-08-02T17:58:11+0530 - 16.00 kB
2017-08-02 12:28:11.638+0000 INFO  [o.n.k.i.DiagnosticsManager]     - Total: 2017-08-02T17:58:11+0530 - 16.00 kB
2017-08-02 12:28:11.638+0000 INFO  [o.n.k.i.DiagnosticsManager]   - Total: 2017-08-02T17:58:11+0530 - 16.00 kB
2017-08-02 12:28:11.638+0000 INFO  [o.n.k.i.DiagnosticsManager]   store_lock: 2017-08-02T17:58:10+0530 - 0.00 B
2017-08-02 12:28:11.638+0000 INFO  [o.n.k.i.DiagnosticsManager] --- STARTED diagnostics for KernelDiagnostics:StoreFiles END ---
2017-08-02 12:28:12.137+0000 WARN  [o.n.k.i.c.MonitorGc] GC Monitor: Application threads blocked for 207ms.
2017-08-02 12:33:42.002+0000 WARN  [o.n.k.i.c.MonitorGc] GC Monitor: Application threads blocked for 1485ms.
2017-08-02 12:33:48.353+0000 INFO  [o.n.k.i.t.l.c.CheckPointerImpl] Check Pointing triggered by scheduler for time threshold [7]:  Starting check pointing...
2017-08-02 12:33:48.353+0000 INFO  [o.n.k.i.t.l.c.CheckPointerImpl] Check Pointing triggered by scheduler for time threshold [7]:  Starting store flush...
2017-08-02 12:33:48.365+0000 INFO  [o.n.k.i.s.c.CountsTracker] About to rotate counts store at transaction 7 to [/Users/gdpak/Documents/jio_nfv/ns_micro_service/data/neo4j.db/neostore.counts.db.b], from [/Users/gdpak/Documents/jio_nfv/ns_micro_service/data/neo4j.db/neostore.counts.db.a].
2017-08-02 12:33:48.366+0000 INFO  [o.n.k.i.s.c.CountsTracker] Successfully rotated counts store at transaction 7 to [/Users/gdpak/Documents/jio_nfv/ns_micro_service/data/neo4j.db/neostore.counts.db.b], from [/Users/gdpak/Documents/jio_nfv/ns_micro_service/data/neo4j.db/neostore.counts.db.a].
2017-08-02 12:33:48.371+0000 INFO  [o.n.k.i.t.l.c.CheckPointerImpl] Check Pointing triggered by scheduler for time threshold [7]:  Store flush completed
2017-08-02 12:33:48.371+0000 INFO  [o.n.k.i.t.l.c.CheckPointerImpl] Check Pointing triggered by scheduler for time threshold [7]:  Starting appending check point entry into the tx log...
2017-08-02 12:33:48.372+0000 INFO  [o.n.k.i.t.l.c.CheckPointerImpl] Check Pointing triggered by scheduler for time threshold [7]:  Appending check point entry into the tx log completed
2017-08-02 12:33:48.372+0000 INFO  [o.n.k.i.t.l.c.CheckPointerImpl] Check Pointing triggered by scheduler for time threshold [7]:  Check pointing completed
2017-08-02 12:33:48.372+0000 INFO  [o.n.k.i.t.l.p.LogPruningImpl] Log Rotation [0]:  Starting log pruning.
2017-08-02 12:33:48.372+0000 INFO  [o.n.k.i.t.l.p.LogPruningImpl] Log Rotation [0]:  Log pruning complete.
2017-08-02 12:35:35.002+0000 WARN  [o.n.k.i.c.MonitorGc] GC Monitor: Application threads blocked for 1206ms.
2017-08-02 12:37:24.005+0000 WARN  [o.n.k.i.c.MonitorGc] GC Monitor: Application threads blocked for 1278ms.
2017-08-02 13:52:29.009+0000 WARN  [o.n.k.i.c.MonitorGc] GC Monitor: Application threads blocked for 1231ms.
2017-08-02 15:30:25.004+0000 WARN  [o.n.k.i.c.MonitorGc] GC Monitor: Application threads blocked for 1303ms.
2017-08-02 17:30:31.008+0000 WARN  [o.n.k.i.c.MonitorGc] GC Monitor: Application threads blocked for 1235ms.
2017-08-02 19:30:37.005+0000 WARN  [o.n.k.i.c.MonitorGc] GC Monitor: Application threads blocked for 1261ms.
2017-08-02 21:30:43.004+0000 WARN  [o.n.k.i.c.MonitorGc] GC Monitor: Application threads blocked for 1232ms.
2017-08-02 23:30:49.006+0000 WARN  [o.n.k.i.c.MonitorGc] GC Monitor: Application threads blocked for 1241ms.
2017-08-03 00:31:05.003+0000 WARN  [o.n.k.i.c.MonitorGc] GC Monitor: Application threads blocked for 1184ms.
2017-08-03 05:05:35.006+0000 WARN  [o.n.k.i.c.MonitorGc] GC Monitor: Application threads blocked for 1302ms.
